<?xml version="1.0" encoding="UTF-8"?>
<!-- Generated by org.testng.reporters.JUnitReportReporter -->
<testsuite skipped="0" hostname="Ramnath-PC" name="com.qa.banking.tests.HomePageTest" tests="5" failures="0" timestamp="04 Aug 2020 19:40:38 GMT" time="126.507" errors="0">
  <testcase name="verifyChartsDisplayed" time="22.485" classname="com.qa.banking.tests.HomePageTest"/>
  <testcase name="verifyWelcomeUserHeadingTest" time="25.915" classname="com.qa.banking.tests.HomePageTest"/>
  <testcase name="verifyNewSavingsAccountsPageTest" time="26.833" classname="com.qa.banking.tests.HomePageTest"/>
  <testcase name="verifyViewSavingsAccountsPageTest" time="31.404" classname="com.qa.banking.tests.HomePageTest"/>
  <testcase name="verifyBankLogoIsDisplayedTest" time="19.870" classname="com.qa.banking.tests.HomePageTest"/>
</testsuite> <!-- com.qa.banking.tests.HomePageTest -->
