<?xml version="1.0" encoding="UTF-8"?>
<!-- Generated by org.testng.reporters.JUnitReportReporter -->
<testsuite skipped="0" hostname="Ramnath-PC" name="com.qa.banking.tests.LoginPageTest" tests="4" failures="0" timestamp="04 Aug 2020 19:40:38 GMT" time="65.752" errors="0">
  <testcase name="verifyLoginPageTitleTest" time="12.656" classname="com.qa.banking.tests.LoginPageTest"/>
  <testcase name="verifySignUpTest" time="18.612" classname="com.qa.banking.tests.LoginPageTest"/>
  <testcase name="verifySignInTest" time="21.127" classname="com.qa.banking.tests.LoginPageTest"/>
  <testcase name="verifyBankLogoTest" time="13.357" classname="com.qa.banking.tests.LoginPageTest"/>
</testsuite> <!-- com.qa.banking.tests.LoginPageTest -->
