<?xml version="1.0" encoding="UTF-8"?>
<!-- Generated by org.testng.reporters.JUnitReportReporter -->
<testsuite skipped="0" hostname="Ramnath-PC" name="com.qa.banking.tests.SignUpPageTest" tests="4" failures="0" timestamp="04 Aug 2020 19:40:38 GMT" time="96.160" errors="0">
  <testcase name="verifyaddUserInfoSignUpTest" time="24.587" classname="com.qa.banking.tests.SignUpPageTest"/>
  <testcase name="verifyaddUserInfoSignUpTest" time="26.067" classname="com.qa.banking.tests.SignUpPageTest"/>
  <testcase name="verifyBackToSignInLinkTest" time="21.640" classname="com.qa.banking.tests.SignUpPageTest"/>
  <testcase name="verifyaddUserInfoSignUpTest" time="23.866" classname="com.qa.banking.tests.SignUpPageTest"/>
</testsuite> <!-- com.qa.banking.tests.SignUpPageTest -->
