<?xml version="1.0" encoding="UTF-8"?>
<!-- Generated by org.testng.reporters.JUnitReportReporter -->
<testsuite skipped="0" hostname="Ramnath-PC" name="com.qa.banking.tests.NewSavingsAccountPageTest" tests="3" failures="0" timestamp="04 Aug 2020 19:40:38 GMT" time="126.784" errors="0">
  <testcase name="verifyIsNewAccountsPageHeaderDisplayesTest" time="34.298" classname="com.qa.banking.tests.NewSavingsAccountPageTest"/>
  <testcase name="verifyAddNewSavingsAccount" time="39.536" classname="com.qa.banking.tests.NewSavingsAccountPageTest"/>
  <testcase name="verifyAddNewSavingsAccount" time="52.950" classname="com.qa.banking.tests.NewSavingsAccountPageTest"/>
</testsuite> <!-- com.qa.banking.tests.NewSavingsAccountPageTest -->
