<?xml version="1.0" encoding="UTF-8"?>
<!-- Generated by org.testng.reporters.JUnitReportReporter -->
<testsuite skipped="0" hostname="Ramnath-PC" name="com.qa.banking.tests.LoginPageTest" tests="4" failures="0" timestamp="05 Aug 2020 16:40:28 GMT" time="73.640" errors="0">
  <testcase name="verifySignInTest" time="28.422" classname="com.qa.banking.tests.LoginPageTest"/>
  <testcase name="verifyLoginPageTitleTest" time="14.551" classname="com.qa.banking.tests.LoginPageTest"/>
  <testcase name="verifyBankLogoTest" time="11.332" classname="com.qa.banking.tests.LoginPageTest"/>
  <testcase name="verifySignUpTest" time="19.335" classname="com.qa.banking.tests.LoginPageTest"/>
</testsuite> <!-- com.qa.banking.tests.LoginPageTest -->
