<?xml version="1.0" encoding="UTF-8"?>
<!-- Generated by org.testng.reporters.JUnitReportReporter -->
<testsuite skipped="0" hostname="Ramnath-PC" name="com.qa.banking.tests.HomePageTest" tests="5" failures="0" timestamp="05 Aug 2020 16:40:28 GMT" time="133.868" errors="0">
  <testcase name="verifyViewSavingsAccountsPageTest" time="27.025" classname="com.qa.banking.tests.HomePageTest"/>
  <testcase name="verifyChartsDisplayed" time="19.946" classname="com.qa.banking.tests.HomePageTest"/>
  <testcase name="verifyNewSavingsAccountsPageTest" time="34.441" classname="com.qa.banking.tests.HomePageTest"/>
  <testcase name="verifyWelcomeUserHeadingTest" time="33.269" classname="com.qa.banking.tests.HomePageTest"/>
  <testcase name="verifyBankLogoIsDisplayedTest" time="19.187" classname="com.qa.banking.tests.HomePageTest"/>
</testsuite> <!-- com.qa.banking.tests.HomePageTest -->
