<?xml version="1.0" encoding="UTF-8"?>
<!-- Generated by org.testng.reporters.JUnitReportReporter -->
<testsuite skipped="0" hostname="Ramnath-PC" name="com.qa.banking.tests.SignUpPageTest" tests="4" failures="0" timestamp="05 Aug 2020 16:40:28 GMT" time="129.908" errors="0">
  <testcase name="verifyaddUserInfoSignUpTest" time="32.551" classname="com.qa.banking.tests.SignUpPageTest"/>
  <testcase name="verifyaddUserInfoSignUpTest" time="31.756" classname="com.qa.banking.tests.SignUpPageTest"/>
  <testcase name="verifyaddUserInfoSignUpTest" time="32.212" classname="com.qa.banking.tests.SignUpPageTest"/>
  <testcase name="verifyBackToSignInLinkTest" time="33.389" classname="com.qa.banking.tests.SignUpPageTest"/>
</testsuite> <!-- com.qa.banking.tests.SignUpPageTest -->
