<?xml version="1.0" encoding="UTF-8"?>
<!-- Generated by org.testng.reporters.JUnitReportReporter -->
<testsuite skipped="0" hostname="Ramnath-PC" name="com.qa.banking.tests.NewSavingsAccountPageTest" tests="3" failures="0" timestamp="05 Aug 2020 16:40:28 GMT" time="116.712" errors="0">
  <testcase name="verifyIsNewAccountsPageHeaderDisplayesTest" time="26.960" classname="com.qa.banking.tests.NewSavingsAccountPageTest"/>
  <testcase name="verifyAddNewSavingsAccount" time="32.524" classname="com.qa.banking.tests.NewSavingsAccountPageTest"/>
  <testcase name="verifyAddNewSavingsAccount" time="57.228" classname="com.qa.banking.tests.NewSavingsAccountPageTest"/>
</testsuite> <!-- com.qa.banking.tests.NewSavingsAccountPageTest -->
